0 silly argv {
0 silly argv   _: [ 'bootstrap' ],
0 silly argv   lernaVersion: '4.0.0',
0 silly argv   '$0': '/Users/johan/code/flink-framework/node_modules/.bin/lerna'
0 silly argv }
1 notice cli v4.0.0
2 verbose rootPath /Users/johan/code/flink-framework
3 silly npmConfig {
3 silly npmConfig   registry: undefined,
3 silly npmConfig   npmClient: 'npm',
3 silly npmConfig   npmClientArgs: [],
3 silly npmConfig   mutex: undefined
3 silly npmConfig }
4 info Bootstrapping 19 packages
5 verbose lifecycle preinstall
6 silly lifecycle No script for "preinstall" in "flink-scaffold", continuing
7 silly lifecycle No script for "preinstall" in "@flink-app/flink", continuing
8 silly lifecycle No script for "preinstall" in "@flink-app/api-docs-plugin", continuing
9 silly lifecycle No script for "preinstall" in "@flink-app/contentone-plugin", continuing
10 silly lifecycle No script for "preinstall" in "@flink-app/email-plugin", continuing
11 silly lifecycle No script for "preinstall" in "@flink-app/generic-request-plugin", continuing
12 silly lifecycle No script for "preinstall" in "@flink-app/jwt-auth-plugin", continuing
13 silly lifecycle No script for "preinstall" in "@flink-app/management-api-plugin", continuing
14 silly lifecycle No script for "preinstall" in "@flink-app/s3-plugin", continuing
15 silly lifecycle No script for "preinstall" in "@flink-app/sms-plugin", continuing
16 silly lifecycle No script for "preinstall" in "@flink-app/static-files-plugin", continuing
17 silly lifecycle No script for "preinstall" in "@flink-app/stripe-plugin", continuing
18 silly lifecycle No script for "preinstall" in "@flink-app/test-utils", continuing
19 silly lifecycle No script for "preinstall" in "@flink-app/debug-plugin", continuing
20 silly lifecycle No script for "preinstall" in "@flink-app/firebase-messaging-plugin", continuing
21 silly lifecycle No script for "preinstall" in "@flink-app/generic-auth-plugin", continuing
22 silly lifecycle No script for "preinstall" in "@flink-app/management-actions-plugin", continuing
23 silly lifecycle No script for "preinstall" in "create-flink-app", continuing
24 silly lifecycle No script for "preinstall" in "@flink/demo-app", continuing
25 silly hasDependencyInstalled @flink-app/api-docs-plugin @types/express
26 silly hasDependencyInstalled @flink-app/firebase-messaging-plugin @types/express
27 silly hasDependencyInstalled @flink-app/test-utils @types/express
28 silly hasDependencyInstalled @flink-app/debug-plugin @types/express
29 silly hasDependencyInstalled @flink-app/s3-plugin @types/express
30 silly hasDependencyInstalled @flink-app/static-files-plugin @types/express
31 silly hasDependencyInstalled @flink-app/flink @types/express
32 silly hasDependencyInstalled @flink-app/generic-request-plugin @types/express
33 silly hasDependencyInstalled @flink-app/management-actions-plugin @types/express
34 silly hasDependencyInstalled @flink-app/management-api-plugin @types/express
35 silly hasDependencyInstalled @flink-app/stripe-plugin @types/express
36 silly hasDependencyInstalled @flink-app/api-docs-plugin @types/got
37 silly hasDependencyInstalled @flink-app/contentone-plugin @types/got
38 silly hasDependencyInstalled @flink-app/test-utils @types/got
39 silly hasDependencyInstalled @flink-app/api-docs-plugin @types/node
40 silly hasDependencyInstalled @flink-app/contentone-plugin @types/node
41 silly hasDependencyInstalled @flink-app/debug-plugin @types/node
42 silly hasDependencyInstalled @flink-app/email-plugin @types/node
43 silly hasDependencyInstalled @flink-app/firebase-messaging-plugin @types/node
44 silly hasDependencyInstalled @flink-app/generic-auth-plugin @types/node
45 silly hasDependencyInstalled @flink-app/generic-request-plugin @types/node
46 silly hasDependencyInstalled @flink-app/jwt-auth-plugin @types/node
47 silly hasDependencyInstalled @flink-app/management-actions-plugin @types/node
48 silly hasDependencyInstalled @flink-app/management-api-plugin @types/node
49 silly hasDependencyInstalled @flink-app/s3-plugin @types/node
50 silly hasDependencyInstalled @flink-app/sms-plugin @types/node
51 silly hasDependencyInstalled @flink-app/static-files-plugin @types/node
52 silly hasDependencyInstalled @flink-app/stripe-plugin @types/node
53 silly hasDependencyInstalled @flink-app/test-utils @types/node
54 silly hasDependencyInstalled create-flink-app @types/node
55 silly hasDependencyInstalled flink-scaffold @types/node
56 silly hasDependencyInstalled @flink/demo-app @types/node
57 silly hasDependencyInstalled @flink-app/flink @types/node
58 silly hasDependencyInstalled @flink-app/api-docs-plugin @types/pug
59 silly hasDependencyInstalled @flink-app/api-docs-plugin nodemon
60 silly hasDependencyInstalled @flink/demo-app nodemon
61 silly hasDependencyInstalled @flink-app/firebase-messaging-plugin nodemon
62 silly hasDependencyInstalled @flink-app/flink nodemon
63 silly hasDependencyInstalled @flink-app/jwt-auth-plugin nodemon
64 silly hasDependencyInstalled @flink-app/test-utils nodemon
65 silly hasDependencyInstalled @flink-app/api-docs-plugin ts-node
66 silly hasDependencyInstalled @flink-app/contentone-plugin ts-node
67 silly hasDependencyInstalled @flink-app/debug-plugin ts-node
68 silly hasDependencyInstalled @flink-app/email-plugin ts-node
69 silly hasDependencyInstalled @flink-app/firebase-messaging-plugin ts-node
70 silly hasDependencyInstalled @flink-app/flink ts-node
71 silly hasDependencyInstalled @flink-app/generic-auth-plugin ts-node
72 silly hasDependencyInstalled @flink-app/generic-request-plugin ts-node
73 silly hasDependencyInstalled @flink-app/jwt-auth-plugin ts-node
74 silly hasDependencyInstalled @flink-app/management-actions-plugin ts-node
75 silly hasDependencyInstalled @flink-app/management-api-plugin ts-node
76 silly hasDependencyInstalled @flink-app/s3-plugin ts-node
77 silly hasDependencyInstalled @flink-app/sms-plugin ts-node
78 silly hasDependencyInstalled @flink-app/static-files-plugin ts-node
79 silly hasDependencyInstalled @flink-app/stripe-plugin ts-node
80 silly hasDependencyInstalled @flink-app/test-utils ts-node
81 silly hasDependencyInstalled @flink/demo-app ts-node
82 silly hasDependencyInstalled @flink-app/api-docs-plugin tsc-watch
83 silly hasDependencyInstalled @flink-app/firebase-messaging-plugin tsc-watch
84 silly hasDependencyInstalled @flink-app/jwt-auth-plugin tsc-watch
85 silly hasDependencyInstalled @flink-app/test-utils tsc-watch
86 silly hasDependencyInstalled @flink-app/api-docs-plugin typescript
87 silly hasDependencyInstalled @flink-app/contentone-plugin typescript
88 silly hasDependencyInstalled @flink-app/debug-plugin typescript
89 silly hasDependencyInstalled @flink-app/email-plugin typescript
90 silly hasDependencyInstalled @flink-app/firebase-messaging-plugin typescript
91 silly hasDependencyInstalled @flink-app/generic-auth-plugin typescript
92 silly hasDependencyInstalled @flink-app/generic-request-plugin typescript
93 silly hasDependencyInstalled @flink-app/jwt-auth-plugin typescript
94 silly hasDependencyInstalled @flink-app/management-actions-plugin typescript
95 silly hasDependencyInstalled @flink-app/management-api-plugin typescript
96 silly hasDependencyInstalled @flink-app/s3-plugin typescript
97 silly hasDependencyInstalled @flink-app/sms-plugin typescript
98 silly hasDependencyInstalled @flink-app/static-files-plugin typescript
99 silly hasDependencyInstalled @flink-app/stripe-plugin typescript
100 silly hasDependencyInstalled @flink-app/test-utils typescript
101 silly hasDependencyInstalled create-flink-app typescript
102 silly hasDependencyInstalled flink-scaffold typescript
103 silly hasDependencyInstalled @flink/demo-app typescript
104 silly hasDependencyInstalled @flink-app/flink typescript
105 silly hasDependencyInstalled @flink-app/api-docs-plugin pug
106 silly hasDependencyInstalled @flink-app/contentone-plugin form-data
107 silly hasDependencyInstalled @flink-app/contentone-plugin got
108 silly hasDependencyInstalled @flink/demo-app got
109 silly hasDependencyInstalled @flink-app/test-utils got
110 silly hasDependencyInstalled create-flink-app got
111 silly hasDependencyInstalled create-flink-app @types/async-retry
112 silly hasDependencyInstalled create-flink-app @types/cross-spawn
113 silly hasDependencyInstalled create-flink-app @types/jasmine
114 silly hasDependencyInstalled @flink/demo-app @types/jasmine
115 silly hasDependencyInstalled @flink-app/flink @types/jasmine
116 silly hasDependencyInstalled @flink-app/jwt-auth-plugin @types/jasmine
117 silly hasDependencyInstalled create-flink-app @types/prompts
118 silly hasDependencyInstalled flink-scaffold @types/prompts
119 silly hasDependencyInstalled create-flink-app @types/rimraf
120 silly hasDependencyInstalled flink-scaffold @types/rimraf
121 silly hasDependencyInstalled create-flink-app @types/tar
122 silly hasDependencyInstalled create-flink-app @types/validate-npm-package-name
123 silly hasDependencyInstalled create-flink-app @vercel/ncc
124 silly hasDependencyInstalled flink-scaffold @vercel/ncc
125 silly hasDependencyInstalled create-flink-app async-retry
126 silly hasDependencyInstalled create-flink-app chalk
127 silly hasDependencyInstalled flink-scaffold chalk
128 silly hasDependencyInstalled create-flink-app commander
129 silly hasDependencyInstalled create-flink-app cpy
130 silly hasDependencyInstalled create-flink-app cross-spawn
131 silly hasDependencyInstalled create-flink-app jasmine-spec-reporter
132 silly hasDependencyInstalled @flink/demo-app jasmine-spec-reporter
133 silly hasDependencyInstalled @flink-app/flink jasmine-spec-reporter
134 silly hasDependencyInstalled @flink-app/jwt-auth-plugin jasmine-spec-reporter
135 silly hasDependencyInstalled @flink-app/test-utils jasmine-spec-reporter
136 silly hasDependencyInstalled create-flink-app prompts
137 silly hasDependencyInstalled flink-scaffold prompts
138 silly hasDependencyInstalled create-flink-app rimraf
139 silly hasDependencyInstalled @flink-app/flink rimraf
140 silly hasDependencyInstalled create-flink-app tar
141 silly hasDependencyInstalled create-flink-app update-check
142 silly hasDependencyInstalled create-flink-app validate-npm-package-name
143 silly hasDependencyInstalled @flink-app/debug-plugin express
144 silly hasDependencyInstalled @flink-app/flink express
145 silly hasDependencyInstalled @flink-app/generic-request-plugin express
146 silly hasDependencyInstalled @flink-app/management-actions-plugin express
147 silly hasDependencyInstalled @flink-app/management-api-plugin express
148 silly hasDependencyInstalled @flink-app/s3-plugin express
149 silly hasDependencyInstalled @flink-app/static-files-plugin express
150 silly hasDependencyInstalled @flink-app/stripe-plugin express
151 silly hasDependencyInstalled @flink-app/debug-plugin node-color-log
152 silly hasDependencyInstalled @flink-app/generic-request-plugin node-color-log
153 silly hasDependencyInstalled @flink-app/management-actions-plugin node-color-log
154 silly hasDependencyInstalled @flink-app/s3-plugin node-color-log
155 silly hasDependencyInstalled @flink-app/static-files-plugin node-color-log
156 silly hasDependencyInstalled @flink-app/flink node-color-log
157 silly hasDependencyInstalled @flink/demo-app @types/uuid
158 silly hasDependencyInstalled @flink-app/flink @types/uuid
159 silly hasDependencyInstalled @flink-app/s3-plugin @types/uuid
160 silly hasDependencyInstalled @flink/demo-app jasmine
161 silly hasDependencyInstalled @flink-app/flink jasmine
162 silly hasDependencyInstalled @flink-app/jwt-auth-plugin jasmine
163 silly hasDependencyInstalled @flink/demo-app jasmine-ts
164 silly hasDependencyInstalled @flink-app/flink jasmine-ts
165 silly hasDependencyInstalled @flink/demo-app uuid
166 silly hasDependencyInstalled @flink-app/flink uuid
167 silly hasDependencyInstalled @flink-app/email-plugin @sendgrid/mail
168 silly hasDependencyInstalled @flink-app/email-plugin @types/nodemailer
169 silly hasDependencyInstalled @flink-app/email-plugin axios
170 silly hasDependencyInstalled @flink-app/sms-plugin axios
171 silly hasDependencyInstalled @flink-app/email-plugin nodemailer
172 silly hasDependencyInstalled @flink-app/email-plugin querystring
173 silly hasDependencyInstalled @flink-app/firebase-messaging-plugin firebase-admin
174 silly hasDependencyInstalled flink-scaffold @types/chalk
175 silly hasDependencyInstalled flink-scaffold @types/fs-extra
176 silly hasDependencyInstalled @flink-app/flink @types/fs-extra
177 silly hasDependencyInstalled flink-scaffold fs-extra
178 silly hasDependencyInstalled @flink-app/flink fs-extra
179 silly hasDependencyInstalled @flink-app/flink @types/folder-hash
180 silly hasDependencyInstalled @flink-app/flink @types/json-schema
181 silly hasDependencyInstalled @flink-app/flink @types/mkdirp
182 silly hasDependencyInstalled @flink-app/flink @types/morgan
183 silly hasDependencyInstalled @flink-app/flink @types/cors
184 silly hasDependencyInstalled @flink-app/flink @types/mongodb
185 silly hasDependencyInstalled @flink-app/management-api-plugin @types/mongodb
186 silly hasDependencyInstalled @flink-app/stripe-plugin @types/mongodb
187 silly hasDependencyInstalled @flink-app/flink @types/ms
188 silly hasDependencyInstalled @flink-app/flink ajv
189 silly hasDependencyInstalled @flink-app/flink ajv-formats
190 silly hasDependencyInstalled @flink-app/flink body-parser
191 silly hasDependencyInstalled @flink-app/flink cors
192 silly hasDependencyInstalled @flink-app/flink croner
193 silly hasDependencyInstalled @flink-app/flink folder-hash
194 silly hasDependencyInstalled @flink-app/flink mkdirp
195 silly hasDependencyInstalled @flink-app/flink mock-json-schema
196 silly hasDependencyInstalled @flink-app/flink mongodb
197 silly hasDependencyInstalled @flink-app/flink morgan
198 silly hasDependencyInstalled @flink-app/flink ms
199 silly hasDependencyInstalled @flink-app/flink passport
200 silly hasDependencyInstalled @flink-app/flink passport-jwt
201 silly hasDependencyInstalled @flink-app/flink reflect-metadata
202 silly hasDependencyInstalled @flink-app/flink tiny-glob
203 silly hasDependencyInstalled @flink-app/flink toad-scheduler
204 silly hasDependencyInstalled @flink-app/flink ts-json-schema-generator
205 silly hasDependencyInstalled @flink-app/flink ts-morph
206 silly hasDependencyInstalled @flink-app/generic-auth-plugin @types/jsonwebtoken
207 silly hasDependencyInstalled @flink-app/management-api-plugin @types/jsonwebtoken
208 silly hasDependencyInstalled @flink-app/stripe-plugin @types/jsonwebtoken
209 silly hasDependencyInstalled @flink-app/generic-auth-plugin handlebars
210 silly hasDependencyInstalled @flink-app/stripe-plugin handlebars
211 silly hasDependencyInstalled @flink-app/generic-auth-plugin jsonwebtoken
212 silly hasDependencyInstalled @flink-app/management-api-plugin jsonwebtoken
213 silly hasDependencyInstalled @flink-app/stripe-plugin jsonwebtoken
214 silly hasDependencyInstalled @flink-app/jwt-auth-plugin @types/bcrypt
215 silly hasDependencyInstalled @flink-app/management-api-plugin @types/bcrypt
216 silly hasDependencyInstalled @flink-app/stripe-plugin @types/bcrypt
217 silly hasDependencyInstalled @flink-app/jwt-auth-plugin bcrypt
218 silly hasDependencyInstalled @flink-app/management-api-plugin bcrypt
219 silly hasDependencyInstalled @flink-app/stripe-plugin bcrypt
220 silly hasDependencyInstalled @flink-app/jwt-auth-plugin jwt-simple
221 silly hasDependencyInstalled @flink-app/management-api-plugin @types/express-fileupload
222 silly hasDependencyInstalled @flink-app/stripe-plugin @types/express-fileupload
223 silly hasDependencyInstalled @flink-app/s3-plugin @types/express-fileupload
224 silly hasDependencyInstalled @flink-app/s3-plugin @types/mime-types
225 silly hasDependencyInstalled @flink-app/s3-plugin aws-sdk
226 silly hasDependencyInstalled @flink-app/s3-plugin express-fileupload
227 silly hasDependencyInstalled @flink-app/s3-plugin mime-types
228 silly hasDependencyInstalled @flink-app/stripe-plugin @types/stripe
229 silly hasDependencyInstalled @flink-app/stripe-plugin stripe
230 silly hasDependencyInstalled @flink-app/test-utils qs
231 silly root dependencies {}
232 silly leaf dependencies {}
233 info Symlinking packages and binaries
234 silly resolveSymlink /Users/johan/code/flink-framework/packages/api-docs-plugin/node_modules/@flink-app/flink
235 verbose resolveSymlink [
235 verbose resolveSymlink   '/Users/johan/code/flink-framework/packages/api-docs-plugin/node_modules/@flink-app/flink',
235 verbose resolveSymlink   '/Users/johan/code/flink-framework/packages/flink'
235 verbose resolveSymlink ]
236 silly createSymlink [
236 silly createSymlink   '/Users/johan/code/flink-framework/packages/flink',
236 silly createSymlink   '/Users/johan/code/flink-framework/packages/api-docs-plugin/node_modules/@flink-app/flink',
236 silly createSymlink   'junction'
236 silly createSymlink ]
237 silly createSymbolicLink [
237 silly createSymbolicLink   '../../../flink',
237 silly createSymbolicLink   '/Users/johan/code/flink-framework/packages/api-docs-plugin/node_modules/@flink-app/flink',
237 silly createSymbolicLink   'junction'
237 silly createSymbolicLink ]
238 silly createSymlink [
238 silly createSymlink   '/Users/johan/code/flink-framework/packages/flink/dist/bin/flink.js',
238 silly createSymlink   '/Users/johan/code/flink-framework/packages/api-docs-plugin/node_modules/.bin/flink',
238 silly createSymlink   'exec'
238 silly createSymlink ]
239 silly shShim [
239 silly shShim   '/Users/johan/code/flink-framework/packages/flink/dist/bin/flink.js',
239 silly shShim   '/Users/johan/code/flink-framework/packages/api-docs-plugin/node_modules/.bin/flink',
239 silly shShim   'file'
239 silly shShim ]
240 silly actions finished @flink-app/api-docs-plugin
241 silly resolveSymlink /Users/johan/code/flink-framework/packages/contentone-plugin/node_modules/@flink-app/flink
242 verbose resolveSymlink [
242 verbose resolveSymlink   '/Users/johan/code/flink-framework/packages/contentone-plugin/node_modules/@flink-app/flink',
242 verbose resolveSymlink   '/Users/johan/code/flink-framework/packages/flink'
242 verbose resolveSymlink ]
243 silly createSymlink [
243 silly createSymlink   '/Users/johan/code/flink-framework/packages/flink',
243 silly createSymlink   '/Users/johan/code/flink-framework/packages/contentone-plugin/node_modules/@flink-app/flink',
243 silly createSymlink   'junction'
243 silly createSymlink ]
244 silly createSymbolicLink [
244 silly createSymbolicLink   '../../../flink',
244 silly createSymbolicLink   '/Users/johan/code/flink-framework/packages/contentone-plugin/node_modules/@flink-app/flink',
244 silly createSymbolicLink   'junction'
244 silly createSymbolicLink ]
245 silly createSymlink [
245 silly createSymlink   '/Users/johan/code/flink-framework/packages/flink/dist/bin/flink.js',
245 silly createSymlink   '/Users/johan/code/flink-framework/packages/contentone-plugin/node_modules/.bin/flink',
245 silly createSymlink   'exec'
245 silly createSymlink ]
246 silly shShim [
246 silly shShim   '/Users/johan/code/flink-framework/packages/flink/dist/bin/flink.js',
246 silly shShim   '/Users/johan/code/flink-framework/packages/contentone-plugin/node_modules/.bin/flink',
246 silly shShim   'file'
246 silly shShim ]
247 silly actions finished @flink-app/contentone-plugin
248 silly resolveSymlink /Users/johan/code/flink-framework/packages/create-flink-app/node_modules/@flink-app/flink
249 verbose resolveSymlink [
249 verbose resolveSymlink   '/Users/johan/code/flink-framework/packages/create-flink-app/node_modules/@flink-app/flink',
249 verbose resolveSymlink   '/Users/johan/code/flink-framework/packages/flink'
249 verbose resolveSymlink ]
250 silly createSymlink [
250 silly createSymlink   '/Users/johan/code/flink-framework/packages/flink',
250 silly createSymlink   '/Users/johan/code/flink-framework/packages/create-flink-app/node_modules/@flink-app/flink',
250 silly createSymlink   'junction'
250 silly createSymlink ]
251 silly createSymbolicLink [
251 silly createSymbolicLink   '../../../flink',
251 silly createSymbolicLink   '/Users/johan/code/flink-framework/packages/create-flink-app/node_modules/@flink-app/flink',
251 silly createSymbolicLink   'junction'
251 silly createSymbolicLink ]
252 silly resolveSymlink /Users/johan/code/flink-framework/packages/create-flink-app/node_modules/@flink-app/test-utils
253 verbose resolveSymlink [
253 verbose resolveSymlink   '/Users/johan/code/flink-framework/packages/create-flink-app/node_modules/@flink-app/test-utils',
253 verbose resolveSymlink   '/Users/johan/code/flink-framework/packages/test-utils'
253 verbose resolveSymlink ]
254 silly createSymlink [
254 silly createSymlink   '/Users/johan/code/flink-framework/packages/test-utils',
254 silly createSymlink   '/Users/johan/code/flink-framework/packages/create-flink-app/node_modules/@flink-app/test-utils',
254 silly createSymlink   'junction'
254 silly createSymlink ]
255 silly createSymbolicLink [
255 silly createSymbolicLink   '../../../test-utils',
255 silly createSymbolicLink   '/Users/johan/code/flink-framework/packages/create-flink-app/node_modules/@flink-app/test-utils',
255 silly createSymbolicLink   'junction'
255 silly createSymbolicLink ]
256 silly createSymlink [
256 silly createSymlink   '/Users/johan/code/flink-framework/packages/flink/dist/bin/flink.js',
256 silly createSymlink   '/Users/johan/code/flink-framework/packages/create-flink-app/node_modules/.bin/flink',
256 silly createSymlink   'exec'
256 silly createSymlink ]
257 silly shShim [
257 silly shShim   '/Users/johan/code/flink-framework/packages/flink/dist/bin/flink.js',
257 silly shShim   '/Users/johan/code/flink-framework/packages/create-flink-app/node_modules/.bin/flink',
257 silly shShim   'file'
257 silly shShim ]
258 silly actions finished create-flink-app
259 silly resolveSymlink /Users/johan/code/flink-framework/packages/debug-plugin/node_modules/@flink-app/flink
260 verbose resolveSymlink [
260 verbose resolveSymlink   '/Users/johan/code/flink-framework/packages/debug-plugin/node_modules/@flink-app/flink',
260 verbose resolveSymlink   '/Users/johan/code/flink-framework/packages/flink'
260 verbose resolveSymlink ]
261 silly createSymlink [
261 silly createSymlink   '/Users/johan/code/flink-framework/packages/flink',
261 silly createSymlink   '/Users/johan/code/flink-framework/packages/debug-plugin/node_modules/@flink-app/flink',
261 silly createSymlink   'junction'
261 silly createSymlink ]
262 silly createSymbolicLink [
262 silly createSymbolicLink   '../../../flink',
262 silly createSymbolicLink   '/Users/johan/code/flink-framework/packages/debug-plugin/node_modules/@flink-app/flink',
262 silly createSymbolicLink   'junction'
262 silly createSymbolicLink ]
263 silly resolveSymlink /Users/johan/code/flink-framework/packages/debug-plugin/node_modules/@flink-app/management-api-plugin
264 verbose resolveSymlink [
264 verbose resolveSymlink   '/Users/johan/code/flink-framework/packages/debug-plugin/node_modules/@flink-app/management-api-plugin',
264 verbose resolveSymlink   '/Users/johan/code/flink-framework/packages/management-api-plugin'
264 verbose resolveSymlink ]
265 silly createSymlink [
265 silly createSymlink   '/Users/johan/code/flink-framework/packages/management-api-plugin',
265 silly createSymlink   '/Users/johan/code/flink-framework/packages/debug-plugin/node_modules/@flink-app/management-api-plugin',
265 silly createSymlink   'junction'
265 silly createSymlink ]
266 silly createSymbolicLink [
266 silly createSymbolicLink   '../../../management-api-plugin',
266 silly createSymbolicLink   '/Users/johan/code/flink-framework/packages/debug-plugin/node_modules/@flink-app/management-api-plugin',
266 silly createSymbolicLink   'junction'
266 silly createSymbolicLink ]
267 silly createSymlink [
267 silly createSymlink   '/Users/johan/code/flink-framework/packages/flink/dist/bin/flink.js',
267 silly createSymlink   '/Users/johan/code/flink-framework/packages/debug-plugin/node_modules/.bin/flink',
267 silly createSymlink   'exec'
267 silly createSymlink ]
268 silly shShim [
268 silly shShim   '/Users/johan/code/flink-framework/packages/flink/dist/bin/flink.js',
268 silly shShim   '/Users/johan/code/flink-framework/packages/debug-plugin/node_modules/.bin/flink',
268 silly shShim   'file'
268 silly shShim ]
269 silly actions finished @flink-app/debug-plugin
270 silly resolveSymlink /Users/johan/code/flink-framework/packages/demo-app/node_modules/@flink-app/test-utils
271 verbose resolveSymlink [
271 verbose resolveSymlink   '/Users/johan/code/flink-framework/packages/demo-app/node_modules/@flink-app/test-utils',
271 verbose resolveSymlink   '/Users/johan/code/flink-framework/packages/test-utils'
271 verbose resolveSymlink ]
272 silly createSymlink [
272 silly createSymlink   '/Users/johan/code/flink-framework/packages/test-utils',
272 silly createSymlink   '/Users/johan/code/flink-framework/packages/demo-app/node_modules/@flink-app/test-utils',
272 silly createSymlink   'junction'
272 silly createSymlink ]
273 silly createSymbolicLink [
273 silly createSymbolicLink   '../../../test-utils',
273 silly createSymbolicLink   '/Users/johan/code/flink-framework/packages/demo-app/node_modules/@flink-app/test-utils',
273 silly createSymbolicLink   'junction'
273 silly createSymbolicLink ]
274 silly resolveSymlink /Users/johan/code/flink-framework/packages/demo-app/node_modules/@flink-app/firebase-messaging-plugin
275 verbose resolveSymlink [
275 verbose resolveSymlink   '/Users/johan/code/flink-framework/packages/demo-app/node_modules/@flink-app/firebase-messaging-plugin',
275 verbose resolveSymlink   '/Users/johan/code/flink-framework/packages/firebase-messaging-plugin'
275 verbose resolveSymlink ]
276 silly createSymlink [
276 silly createSymlink   '/Users/johan/code/flink-framework/packages/firebase-messaging-plugin',
276 silly createSymlink   '/Users/johan/code/flink-framework/packages/demo-app/node_modules/@flink-app/firebase-messaging-plugin',
276 silly createSymlink   'junction'
276 silly createSymlink ]
277 silly createSymbolicLink [
277 silly createSymbolicLink   '../../../firebase-messaging-plugin',
277 silly createSymbolicLink   '/Users/johan/code/flink-framework/packages/demo-app/node_modules/@flink-app/firebase-messaging-plugin',
277 silly createSymbolicLink   'junction'
277 silly createSymbolicLink ]
278 silly resolveSymlink /Users/johan/code/flink-framework/packages/demo-app/node_modules/@flink-app/jwt-auth-plugin
279 verbose resolveSymlink [
279 verbose resolveSymlink   '/Users/johan/code/flink-framework/packages/demo-app/node_modules/@flink-app/jwt-auth-plugin',
279 verbose resolveSymlink   '/Users/johan/code/flink-framework/packages/jwt-auth-plugin'
279 verbose resolveSymlink ]
280 silly createSymlink [
280 silly createSymlink   '/Users/johan/code/flink-framework/packages/jwt-auth-plugin',
280 silly createSymlink   '/Users/johan/code/flink-framework/packages/demo-app/node_modules/@flink-app/jwt-auth-plugin',
280 silly createSymlink   'junction'
280 silly createSymlink ]
281 silly createSymbolicLink [
281 silly createSymbolicLink   '../../../jwt-auth-plugin',
281 silly createSymbolicLink   '/Users/johan/code/flink-framework/packages/demo-app/node_modules/@flink-app/jwt-auth-plugin',
281 silly createSymbolicLink   'junction'
281 silly createSymbolicLink ]
282 silly resolveSymlink /Users/johan/code/flink-framework/packages/demo-app/node_modules/@flink-app/api-docs-plugin
283 verbose resolveSymlink [
283 verbose resolveSymlink   '/Users/johan/code/flink-framework/packages/demo-app/node_modules/@flink-app/api-docs-plugin',
283 verbose resolveSymlink   '/Users/johan/code/flink-framework/packages/api-docs-plugin'
283 verbose resolveSymlink ]
284 silly createSymlink [
284 silly createSymlink   '/Users/johan/code/flink-framework/packages/api-docs-plugin',
284 silly createSymlink   '/Users/johan/code/flink-framework/packages/demo-app/node_modules/@flink-app/api-docs-plugin',
284 silly createSymlink   'junction'
284 silly createSymlink ]
285 silly createSymbolicLink [
285 silly createSymbolicLink   '../../../api-docs-plugin',
285 silly createSymbolicLink   '/Users/johan/code/flink-framework/packages/demo-app/node_modules/@flink-app/api-docs-plugin',
285 silly createSymbolicLink   'junction'
285 silly createSymbolicLink ]
286 silly resolveSymlink /Users/johan/code/flink-framework/packages/demo-app/node_modules/@flink-app/flink
287 verbose resolveSymlink [
287 verbose resolveSymlink   '/Users/johan/code/flink-framework/packages/demo-app/node_modules/@flink-app/flink',
287 verbose resolveSymlink   '/Users/johan/code/flink-framework/packages/flink'
287 verbose resolveSymlink ]
288 silly createSymlink [
288 silly createSymlink   '/Users/johan/code/flink-framework/packages/flink',
288 silly createSymlink   '/Users/johan/code/flink-framework/packages/demo-app/node_modules/@flink-app/flink',
288 silly createSymlink   'junction'
288 silly createSymlink ]
289 silly createSymbolicLink [
289 silly createSymbolicLink   '../../../flink',
289 silly createSymbolicLink   '/Users/johan/code/flink-framework/packages/demo-app/node_modules/@flink-app/flink',
289 silly createSymbolicLink   'junction'
289 silly createSymbolicLink ]
290 silly createSymlink [
290 silly createSymlink   '/Users/johan/code/flink-framework/packages/flink/dist/bin/flink.js',
290 silly createSymlink   '/Users/johan/code/flink-framework/packages/demo-app/node_modules/.bin/flink',
290 silly createSymlink   'exec'
290 silly createSymlink ]
291 silly shShim [
291 silly shShim   '/Users/johan/code/flink-framework/packages/flink/dist/bin/flink.js',
291 silly shShim   '/Users/johan/code/flink-framework/packages/demo-app/node_modules/.bin/flink',
291 silly shShim   'file'
291 silly shShim ]
292 silly actions finished @flink/demo-app
293 silly resolveSymlink /Users/johan/code/flink-framework/packages/email-plugin/node_modules/@flink-app/flink
294 verbose resolveSymlink [
294 verbose resolveSymlink   '/Users/johan/code/flink-framework/packages/email-plugin/node_modules/@flink-app/flink',
294 verbose resolveSymlink   '/Users/johan/code/flink-framework/packages/flink'
294 verbose resolveSymlink ]
295 silly createSymlink [
295 silly createSymlink   '/Users/johan/code/flink-framework/packages/flink',
295 silly createSymlink   '/Users/johan/code/flink-framework/packages/email-plugin/node_modules/@flink-app/flink',
295 silly createSymlink   'junction'
295 silly createSymlink ]
296 silly createSymbolicLink [
296 silly createSymbolicLink   '../../../flink',
296 silly createSymbolicLink   '/Users/johan/code/flink-framework/packages/email-plugin/node_modules/@flink-app/flink',
296 silly createSymbolicLink   'junction'
296 silly createSymbolicLink ]
297 silly createSymlink [
297 silly createSymlink   '/Users/johan/code/flink-framework/packages/flink/dist/bin/flink.js',
297 silly createSymlink   '/Users/johan/code/flink-framework/packages/email-plugin/node_modules/.bin/flink',
297 silly createSymlink   'exec'
297 silly createSymlink ]
298 silly shShim [
298 silly shShim   '/Users/johan/code/flink-framework/packages/flink/dist/bin/flink.js',
298 silly shShim   '/Users/johan/code/flink-framework/packages/email-plugin/node_modules/.bin/flink',
298 silly shShim   'file'
298 silly shShim ]
299 silly actions finished @flink-app/email-plugin
300 silly resolveSymlink /Users/johan/code/flink-framework/packages/firebase-messaging-plugin/node_modules/@flink-app/flink
301 verbose resolveSymlink [
301 verbose resolveSymlink   '/Users/johan/code/flink-framework/packages/firebase-messaging-plugin/node_modules/@flink-app/flink',
301 verbose resolveSymlink   '/Users/johan/code/flink-framework/packages/flink'
301 verbose resolveSymlink ]
302 silly createSymlink [
302 silly createSymlink   '/Users/johan/code/flink-framework/packages/flink',
302 silly createSymlink   '/Users/johan/code/flink-framework/packages/firebase-messaging-plugin/node_modules/@flink-app/flink',
302 silly createSymlink   'junction'
302 silly createSymlink ]
303 silly createSymbolicLink [
303 silly createSymbolicLink   '../../../flink',
303 silly createSymbolicLink   '/Users/johan/code/flink-framework/packages/firebase-messaging-plugin/node_modules/@flink-app/flink',
303 silly createSymbolicLink   'junction'
303 silly createSymbolicLink ]
304 silly resolveSymlink /Users/johan/code/flink-framework/packages/firebase-messaging-plugin/node_modules/@flink-app/management-api-plugin
305 verbose resolveSymlink [
305 verbose resolveSymlink   '/Users/johan/code/flink-framework/packages/firebase-messaging-plugin/node_modules/@flink-app/management-api-plugin',
305 verbose resolveSymlink   '/Users/johan/code/flink-framework/packages/management-api-plugin'
305 verbose resolveSymlink ]
306 silly createSymlink [
306 silly createSymlink   '/Users/johan/code/flink-framework/packages/management-api-plugin',
306 silly createSymlink   '/Users/johan/code/flink-framework/packages/firebase-messaging-plugin/node_modules/@flink-app/management-api-plugin',
306 silly createSymlink   'junction'
306 silly createSymlink ]
307 silly createSymbolicLink [
307 silly createSymbolicLink   '../../../management-api-plugin',
307 silly createSymbolicLink   '/Users/johan/code/flink-framework/packages/firebase-messaging-plugin/node_modules/@flink-app/management-api-plugin',
307 silly createSymbolicLink   'junction'
307 silly createSymbolicLink ]
308 silly createSymlink [
308 silly createSymlink   '/Users/johan/code/flink-framework/packages/flink/dist/bin/flink.js',
308 silly createSymlink   '/Users/johan/code/flink-framework/packages/firebase-messaging-plugin/node_modules/.bin/flink',
308 silly createSymlink   'exec'
308 silly createSymlink ]
309 silly shShim [
309 silly shShim   '/Users/johan/code/flink-framework/packages/flink/dist/bin/flink.js',
309 silly shShim   '/Users/johan/code/flink-framework/packages/firebase-messaging-plugin/node_modules/.bin/flink',
309 silly shShim   'file'
309 silly shShim ]
310 error
